Device: cuda
Number of audio/video files: 7442
Number of actors: 91
Number of training actors: 72
Number of testing actors: 19
Training samples: 5890
Testing samples: 1552
Input waveform shape per batch: torch.Size([24, 80000])
Label shape per batch: torch.Size([24])
Model parameters: 94571654

Starting training...
Learning rate: 0.001000 | Training batch 246/246 | batch loss 0.9394 | batch acc 0.6000 | running acc 0.3791
Evaluating batch 65/65 | batch loss 1.6562 | batch acc 0.2500
Epoch 001 | train loss 1.5067 acc 0.3791 | test loss 1.5593 acc 0.3454 | best 0.3454
Learning rate: 0.001000 | Training batch 246/246 | batch loss 1.0084 | batch acc 0.8000 | running acc 0.4567
Evaluating batch 65/65 | batch loss 1.4476 | batch acc 0.3125
Epoch 002 | train loss 1.3520 acc 0.4567 | test loss 1.5188 acc 0.4027 | best 0.4027
Learning rate: 0.001000 | Training batch 246/246 | batch loss 1.3964 | batch acc 0.4000 | running acc 0.4935
Evaluating batch 65/65 | batch loss 1.6586 | batch acc 0.1875
Epoch 003 | train loss 1.2897 acc 0.4935 | test loss 1.4502 acc 0.4066 | best 0.4066
Learning rate: 0.001000 | Training batch 246/246 | batch loss 0.9880 | batch acc 0.8000 | running acc 0.5126
Evaluating batch 65/65 | batch loss 1.7025 | batch acc 0.1875
Epoch 004 | train loss 1.2429 acc 0.5126 | test loss 1.5287 acc 0.4149 | best 0.4149
Learning rate: 0.001000 | Training batch 246/246 | batch loss 1.5484 | batch acc 0.4000 | running acc 0.5348
Evaluating batch 65/65 | batch loss 1.3312 | batch acc 0.4375
Epoch 005 | train loss 1.2121 acc 0.5348 | test loss 1.5509 acc 0.4162 | best 0.4162
Learning rate: 0.001000 | Training batch 246/246 | batch loss 1.1974 | batch acc 0.7000 | running acc 0.5302
Evaluating batch 65/65 | batch loss 1.3123 | batch acc 0.5000
Epoch 006 | train loss 1.1912 acc 0.5302 | test loss 1.3958 acc 0.4671 | best 0.4671
Learning rate: 0.001000 | Training batch 246/246 | batch loss 1.3358 | batch acc 0.5000 | running acc 0.5453
Evaluating batch 65/65 | batch loss 1.6120 | batch acc 0.3750
Epoch 007 | train loss 1.1563 acc 0.5453 | test loss 1.5186 acc 0.4349 | best 0.4671
Learning rate: 0.001000 | Training batch 246/246 | batch loss 1.2391 | batch acc 0.4000 | running acc 0.5538
Evaluating batch 65/65 | batch loss 1.4468 | batch acc 0.2500
Epoch 008 | train loss 1.1476 acc 0.5538 | test loss 1.4715 acc 0.4613 | best 0.4671
Learning rate: 0.001000 | Training batch 246/246 | batch loss 0.9279 | batch acc 0.6000 | running acc 0.5713
Evaluating batch 65/65 | batch loss 1.7254 | batch acc 0.2500
Epoch 009 | train loss 1.1127 acc 0.5713 | test loss 1.5220 acc 0.4381 | best 0.4671
Learning rate: 0.001000 | Training batch 246/246 | batch loss 0.9890 | batch acc 0.5000 | running acc 0.5666
Evaluating batch 65/65 | batch loss 1.9261 | batch acc 0.2500
Epoch 010 | train loss 1.1084 acc 0.5666 | test loss 1.6400 acc 0.4356 | best 0.4671
Learning rate: 0.001000 | Training batch 246/246 | batch loss 1.2619 | batch acc 0.6000 | running acc 0.5803
Evaluating batch 65/65 | batch loss 1.3165 | batch acc 0.4375
Epoch 011 | train loss 1.0974 acc 0.5803 | test loss 1.4787 acc 0.4439 | best 0.4671
Learning rate: 0.001000 | Training batch 246/246 | batch loss 0.7765 | batch acc 0.8000 | running acc 0.5774
Evaluating batch 65/65 | batch loss 1.3394 | batch acc 0.3750
Epoch 012 | train loss 1.0860 acc 0.5774 | test loss 1.4204 acc 0.4787 | best 0.4787
Learning rate: 0.001000 | Training batch 246/246 | batch loss 1.1812 | batch acc 0.6000 | running acc 0.5800
Evaluating batch 65/65 | batch loss 1.1732 | batch acc 0.3750
Epoch 013 | train loss 1.0810 acc 0.5800 | test loss 1.4023 acc 0.4845 | best 0.4845
Learning rate: 0.001000 | Training batch 246/246 | batch loss 0.6672 | batch acc 0.8000 | running acc 0.5895
Evaluating batch 65/65 | batch loss 1.2875 | batch acc 0.5000
Epoch 014 | train loss 1.0693 acc 0.5895 | test loss 1.4678 acc 0.4659 | best 0.4845
Learning rate: 0.001000 | Training batch 246/246 | batch loss 0.8604 | batch acc 0.7000 | running acc 0.5900
Evaluating batch 65/65 | batch loss 1.5474 | batch acc 0.3750
Epoch 015 | train loss 1.0752 acc 0.5900 | test loss 1.3828 acc 0.4903 | best 0.4903
Learning rate: 0.001000 | Training batch 246/246 | batch loss 0.9886 | batch acc 0.5000 | running acc 0.6022
Evaluating batch 65/65 | batch loss 1.6525 | batch acc 0.3125
Epoch 016 | train loss 1.0457 acc 0.6022 | test loss 1.4770 acc 0.4716 | best 0.4903
Learning rate: 0.001000 | Training batch 246/246 | batch loss 0.7878 | batch acc 0.7000 | running acc 0.6014
Evaluating batch 65/65 | batch loss 1.8078 | batch acc 0.2500
Epoch 017 | train loss 1.0300 acc 0.6014 | test loss 1.5779 acc 0.4575 | best 0.4903
Learning rate: 0.001000 | Training batch 246/246 | batch loss 1.1786 | batch acc 0.7000 | running acc 0.6022
Evaluating batch 65/65 | batch loss 1.4845 | batch acc 0.3125
Epoch 018 | train loss 1.0236 acc 0.6022 | test loss 1.4094 acc 0.4981 | best 0.4981
Learning rate: 0.001000 | Training batch 246/246 | batch loss 1.1207 | batch acc 0.5000 | running acc 0.6161
Evaluating batch 65/65 | batch loss 1.5039 | batch acc 0.4375
Epoch 019 | train loss 1.0040 acc 0.6161 | test loss 1.5559 acc 0.4768 | best 0.4981
Learning rate: 0.001000 | Training batch 246/246 | batch loss 1.1659 | batch acc 0.3000 | running acc 0.6024
Evaluating batch 65/65 | batch loss 1.3558 | batch acc 0.3750
Epoch 020 | train loss 1.0180 acc 0.6024 | test loss 1.4566 acc 0.4755 | best 0.4981
Learning rate: 0.001000 | Training batch 246/246 | batch loss 1.0003 | batch acc 0.4000 | running acc 0.6138
Evaluating batch 65/65 | batch loss 1.1985 | batch acc 0.4375
Epoch 021 | train loss 1.0168 acc 0.6138 | test loss 1.4103 acc 0.4929 | best 0.4981
Learning rate: 0.001000 | Training batch 246/246 | batch loss 1.1405 | batch acc 0.5000 | running acc 0.6025
Evaluating batch 65/65 | batch loss 1.3997 | batch acc 0.4375
Epoch 022 | train loss 1.0166 acc 0.6025 | test loss 1.4855 acc 0.4839 | best 0.4981
Learning rate: 0.001000 | Training batch 246/246 | batch loss 0.9957 | batch acc 0.5000 | running acc 0.6231
Evaluating batch 65/65 | batch loss 1.5148 | batch acc 0.3750
Epoch 023 | train loss 0.9889 acc 0.6231 | test loss 1.5082 acc 0.4704 | best 0.4981
Learning rate: 0.001000 | Training batch 246/246 | batch loss 0.8167 | batch acc 0.7000 | running acc 0.6139
Evaluating batch 65/65 | batch loss 1.3993 | batch acc 0.5000
Epoch 024 | train loss 0.9855 acc 0.6139 | test loss 1.4959 acc 0.4755 | best 0.4981
Learning rate: 0.000500 | Training batch 246/246 | batch loss 1.0605 | batch acc 0.4000 | running acc 0.6416
Evaluating batch 65/65 | batch loss 1.5644 | batch acc 0.4375
Epoch 025 | train loss 0.9444 acc 0.6416 | test loss 1.5419 acc 0.4832 | best 0.4981
Learning rate: 0.000500 | Training batch 246/246 | batch loss 1.2563 | batch acc 0.5000 | running acc 0.6357
Evaluating batch 65/65 | batch loss 1.5248 | batch acc 0.4375
Epoch 026 | train loss 0.9436 acc 0.6357 | test loss 1.5161 acc 0.4987 | best 0.4987
Learning rate: 0.000500 | Training batch 246/246 | batch loss 1.0217 | batch acc 0.6000 | running acc 0.6511
Evaluating batch 65/65 | batch loss 1.3949 | batch acc 0.4375
Epoch 027 | train loss 0.9314 acc 0.6511 | test loss 1.5070 acc 0.5026 | best 0.5026
Learning rate: 0.000500 | Training batch 246/246 | batch loss 1.3410 | batch acc 0.3000 | running acc 0.6416
Evaluating batch 65/65 | batch loss 1.7429 | batch acc 0.3125
Epoch 028 | train loss 0.9408 acc 0.6416 | test loss 1.6711 acc 0.4684 | best 0.5026
Learning rate: 0.000500 | Training batch 246/246 | batch loss 0.8106 | batch acc 0.7000 | running acc 0.6438
Evaluating batch 65/65 | batch loss 1.4126 | batch acc 0.4375
Epoch 029 | train loss 0.9312 acc 0.6438 | test loss 1.4977 acc 0.5064 | best 0.5064
Learning rate: 0.000500 | Training batch 246/246 | batch loss 1.3049 | batch acc 0.4000 | running acc 0.6463
Evaluating batch 65/65 | batch loss 1.5989 | batch acc 0.4375
Epoch 030 | train loss 0.9149 acc 0.6463 | test loss 1.5134 acc 0.4961 | best 0.5064
Evaluating batch 65/65 | batch loss 1.4126 | batch acc 0.4375

Final Accuracy: 0.5064432989690721
              precision    recall  f1-score   support

         ANG     0.4915    0.8755    0.6296       265
         DIS     0.6723    0.3019    0.4167       265
         FEA     0.4418    0.4151    0.4280       265
         HAP     0.4325    0.5321    0.4772       265
         NEU     0.5220    0.4714    0.4954       227
         SAD     0.6409    0.4377    0.5202       265

    accuracy                         0.5064      1552
   macro avg     0.5335    0.5056    0.4945      1552
weighted avg     0.5338    0.5064    0.4945      1552

Confusion matrix:
[[232   4   7  18   4   0]
 [ 72  80  23  39  22  29]
 [ 43  10 110  60  18  24]
 [ 70   4  33 141  12   5]
 [ 41   6  22  44 107   7]
 [ 14  15  54  24  42 116]]
Saved checkpoint: audio_wav2vec2_cremad.pt