Device: cuda
Number of CSV files: 1736
Number of actors: 91
Train samples: 1332
Test samples: 404
Input tensor shape per sample: torch.Size([750])
Batch input tensor shape: torch.Size([64, 750])
Epoch 001 | train loss 1.4624 acc 0.3761 | test loss 1.2397 acc 0.4777 | best 0.4777
Epoch 002 | train loss 1.0599 acc 0.5863 | test loss 1.1134 acc 0.5619 | best 0.5619
Epoch 003 | train loss 0.9249 acc 0.6569 | test loss 1.0668 acc 0.5817 | best 0.5817
Epoch 004 | train loss 0.8385 acc 0.6922 | test loss 1.0325 acc 0.5965 | best 0.5965
Epoch 005 | train loss 0.7817 acc 0.7230 | test loss 1.0160 acc 0.6040 | best 0.6040
Epoch 006 | train loss 0.7434 acc 0.7305 | test loss 1.0107 acc 0.6064 | best 0.6064
Epoch 007 | train loss 0.7076 acc 0.7508 | test loss 1.0050 acc 0.6114 | best 0.6114
Epoch 008 | train loss 0.6830 acc 0.7545 | test loss 1.0099 acc 0.6015 | best 0.6114
Epoch 009 | train loss 0.6587 acc 0.7710 | test loss 1.0152 acc 0.6089 | best 0.6114
Epoch 010 | train loss 0.6363 acc 0.7785 | test loss 1.0069 acc 0.6114 | best 0.6114
Epoch 011 | train loss 0.6182 acc 0.7860 | test loss 1.0142 acc 0.6213 | best 0.6213
Epoch 012 | train loss 0.6013 acc 0.7890 | test loss 1.0108 acc 0.6238 | best 0.6238
Epoch 013 | train loss 0.5856 acc 0.8033 | test loss 1.0269 acc 0.6114 | best 0.6238
Epoch 014 | train loss 0.5736 acc 0.7958 | test loss 1.0127 acc 0.6139 | best 0.6238
Epoch 015 | train loss 0.5621 acc 0.8026 | test loss 1.0395 acc 0.6163 | best 0.6238
Epoch 016 | train loss 0.5530 acc 0.8101 | test loss 1.0401 acc 0.6139 | best 0.6238
Epoch 017 | train loss 0.5402 acc 0.8183 | test loss 1.0387 acc 0.6064 | best 0.6238
Epoch 018 | train loss 0.5272 acc 0.8213 | test loss 1.0460 acc 0.6114 | best 0.6238
Epoch 019 | train loss 0.5155 acc 0.8281 | test loss 1.0497 acc 0.6139 | best 0.6238
Epoch 020 | train loss 0.5086 acc 0.8236 | test loss 1.0663 acc 0.6114 | best 0.6238
Epoch 021 | train loss 0.5010 acc 0.8266 | test loss 1.0595 acc 0.6163 | best 0.6238
Epoch 022 | train loss 0.4826 acc 0.8468 | test loss 1.0697 acc 0.6188 | best 0.6238
Epoch 023 | train loss 0.4777 acc 0.8416 | test loss 1.0702 acc 0.6089 | best 0.6238
Epoch 024 | train loss 0.4734 acc 0.8401 | test loss 1.0729 acc 0.6040 | best 0.6238
Epoch 025 | train loss 0.4701 acc 0.8408 | test loss 1.0793 acc 0.6114 | best 0.6238
Epoch 026 | train loss 0.4658 acc 0.8453 | test loss 1.0776 acc 0.6163 | best 0.6238
Epoch 027 | train loss 0.4634 acc 0.8476 | test loss 1.0802 acc 0.6139 | best 0.6238
Epoch 028 | train loss 0.4599 acc 0.8498 | test loss 1.0796 acc 0.6089 | best 0.6238
Epoch 029 | train loss 0.4570 acc 0.8514 | test loss 1.0975 acc 0.6089 | best 0.6238
Epoch 030 | train loss 0.4508 acc 0.8521 | test loss 1.0901 acc 0.6089 | best 0.6238
Epoch 031 | train loss 0.4444 acc 0.8536 | test loss 1.0912 acc 0.6139 | best 0.6238
Epoch 032 | train loss 0.4432 acc 0.8536 | test loss 1.0922 acc 0.6163 | best 0.6238
Epoch 033 | train loss 0.4415 acc 0.8574 | test loss 1.0932 acc 0.6114 | best 0.6238
Epoch 034 | train loss 0.4396 acc 0.8566 | test loss 1.0963 acc 0.6188 | best 0.6238
Epoch 035 | train loss 0.4385 acc 0.8581 | test loss 1.0963 acc 0.6139 | best 0.6238
Epoch 036 | train loss 0.4363 acc 0.8604 | test loss 1.1003 acc 0.6139 | best 0.6238
Epoch 037 | train loss 0.4353 acc 0.8634 | test loss 1.1016 acc 0.6064 | best 0.6238
Epoch 038 | train loss 0.4326 acc 0.8634 | test loss 1.1005 acc 0.6114 | best 0.6238
Epoch 039 | train loss 0.4313 acc 0.8626 | test loss 1.1047 acc 0.6188 | best 0.6238
Epoch 040 | train loss 0.4278 acc 0.8634 | test loss 1.1045 acc 0.6188 | best 0.6238
Epoch 041 | train loss 0.4271 acc 0.8664 | test loss 1.1057 acc 0.6163 | best 0.6238
Epoch 042 | train loss 0.4264 acc 0.8634 | test loss 1.1050 acc 0.6163 | best 0.6238
Epoch 043 | train loss 0.4254 acc 0.8679 | test loss 1.1071 acc 0.6188 | best 0.6238
Epoch 044 | train loss 0.4251 acc 0.8656 | test loss 1.1065 acc 0.6139 | best 0.6238
Epoch 045 | train loss 0.4239 acc 0.8671 | test loss 1.1080 acc 0.6163 | best 0.6238
Epoch 046 | train loss 0.4225 acc 0.8671 | test loss 1.1101 acc 0.6139 | best 0.6238
Epoch 047 | train loss 0.4223 acc 0.8671 | test loss 1.1098 acc 0.6163 | best 0.6238
Epoch 048 | train loss 0.4210 acc 0.8671 | test loss 1.1099 acc 0.6163 | best 0.6238
Epoch 049 | train loss 0.4197 acc 0.8694 | test loss 1.1101 acc 0.6114 | best 0.6238
Epoch 050 | train loss 0.4192 acc 0.8716 | test loss 1.1107 acc 0.6139 | best 0.6238
Epoch 051 | train loss 0.4190 acc 0.8709 | test loss 1.1109 acc 0.6188 | best 0.6238
Epoch 052 | train loss 0.4184 acc 0.8709 | test loss 1.1125 acc 0.6139 | best 0.6238
Epoch 053 | train loss 0.4181 acc 0.8724 | test loss 1.1123 acc 0.6114 | best 0.6238
Epoch 054 | train loss 0.4180 acc 0.8709 | test loss 1.1131 acc 0.6163 | best 0.6238
Epoch 055 | train loss 0.4175 acc 0.8709 | test loss 1.1134 acc 0.6114 | best 0.6238
Epoch 056 | train loss 0.4168 acc 0.8724 | test loss 1.1136 acc 0.6139 | best 0.6238
Epoch 057 | train loss 0.4168 acc 0.8724 | test loss 1.1139 acc 0.6139 | best 0.6238
Epoch 058 | train loss 0.4156 acc 0.8731 | test loss 1.1140 acc 0.6114 | best 0.6238
Epoch 059 | train loss 0.4154 acc 0.8739 | test loss 1.1147 acc 0.6139 | best 0.6238
Epoch 060 | train loss 0.4157 acc 0.8731 | test loss 1.1144 acc 0.6139 | best 0.6238
Epoch 061 | train loss 0.4150 acc 0.8731 | test loss 1.1144 acc 0.6114 | best 0.6238
Epoch 062 | train loss 0.4149 acc 0.8739 | test loss 1.1144 acc 0.6139 | best 0.6238
Epoch 063 | train loss 0.4148 acc 0.8739 | test loss 1.1148 acc 0.6139 | best 0.6238
Epoch 064 | train loss 0.4146 acc 0.8731 | test loss 1.1152 acc 0.6114 | best 0.6238
Epoch 065 | train loss 0.4139 acc 0.8724 | test loss 1.1151 acc 0.6114 | best 0.6238
Epoch 066 | train loss 0.4139 acc 0.8739 | test loss 1.1155 acc 0.6114 | best 0.6238
Epoch 067 | train loss 0.4138 acc 0.8731 | test loss 1.1156 acc 0.6089 | best 0.6238
Epoch 068 | train loss 0.4134 acc 0.8746 | test loss 1.1156 acc 0.6114 | best 0.6238
Epoch 069 | train loss 0.4131 acc 0.8739 | test loss 1.1158 acc 0.6089 | best 0.6238
Epoch 070 | train loss 0.4132 acc 0.8739 | test loss 1.1160 acc 0.6089 | best 0.6238
Epoch 071 | train loss 0.4129 acc 0.8739 | test loss 1.1161 acc 0.6114 | best 0.6238
Epoch 072 | train loss 0.4132 acc 0.8739 | test loss 1.1163 acc 0.6114 | best 0.6238
Epoch 073 | train loss 0.4126 acc 0.8739 | test loss 1.1162 acc 0.6114 | best 0.6238
Epoch 074 | train loss 0.4127 acc 0.8746 | test loss 1.1162 acc 0.6089 | best 0.6238
Epoch 075 | train loss 0.4127 acc 0.8739 | test loss 1.1163 acc 0.6089 | best 0.6238
Epoch 076 | train loss 0.4124 acc 0.8739 | test loss 1.1165 acc 0.6089 | best 0.6238
Epoch 077 | train loss 0.4127 acc 0.8739 | test loss 1.1165 acc 0.6114 | best 0.6238
Epoch 078 | train loss 0.4126 acc 0.8746 | test loss 1.1165 acc 0.6089 | best 0.6238
Epoch 079 | train loss 0.4122 acc 0.8746 | test loss 1.1165 acc 0.6114 | best 0.6238
Epoch 080 | train loss 0.4124 acc 0.8746 | test loss 1.1166 acc 0.6114 | best 0.6238

Final Accuracy: 0.6237623762376238
              precision    recall  f1-score   support

         ANG     0.6719    0.6324    0.6515        68
         DIS     0.7534    0.7237    0.7383        76
         FEA     0.5538    0.5373    0.5455        67
         HAP     0.8448    0.8167    0.8305        60
         NEU     0.5542    0.7797    0.6479        59
         SAD     0.3770    0.3108    0.3407        74

    accuracy                         0.6238       404
   macro avg     0.6259    0.6334    0.6257       404
weighted avg     0.6221    0.6238    0.6194       404

Confusion matrix:
[[43  6  3  1  8  7]
 [ 3 55  3  3  2 10]
 [ 7  1 36  0  7 16]
 [ 0  3  1 49  5  2]
 [ 4  0  4  2 46  3]
 [ 7  8 18  3 15 23]]
Saved checkpoint: csv_only_mlp.pt